c:\users\jared\onedrive\documentos\visual studio 2022\cgih\proyectofinal\proyectofinal\debug\vc143.pdb
c:\users\jared\onedrive\documentos\visual studio 2022\cgih\proyectofinal\proyectofinal\debug\vc143.idb
c:\users\jared\onedrive\documentos\visual studio 2022\cgih\proyectofinal\proyectofinal\debug\window.obj
c:\users\jared\onedrive\documentos\visual studio 2022\cgih\proyectofinal\proyectofinal\debug\texture.obj
c:\users\jared\onedrive\documentos\visual studio 2022\cgih\proyectofinal\proyectofinal\debug\spotlight.obj
c:\users\jared\onedrive\documentos\visual studio 2022\cgih\proyectofinal\proyectofinal\debug\sphere.obj
c:\users\jared\onedrive\documentos\visual studio 2022\cgih\proyectofinal\proyectofinal\debug\skybox.obj
c:\users\jared\onedrive\documentos\visual studio 2022\cgih\proyectofinal\proyectofinal\debug\shader_light.obj
c:\users\jared\onedrive\documentos\visual studio 2022\cgih\proyectofinal\proyectofinal\debug\proyectofinal.obj
c:\users\jared\onedrive\documentos\visual studio 2022\cgih\proyectofinal\proyectofinal\debug\pointlight.obj
c:\users\jared\onedrive\documentos\visual studio 2022\cgih\proyectofinal\proyectofinal\debug\model.obj
c:\users\jared\onedrive\documentos\visual studio 2022\cgih\proyectofinal\proyectofinal\debug\mesh_tn.obj
c:\users\jared\onedrive\documentos\visual studio 2022\cgih\proyectofinal\proyectofinal\debug\material.obj
c:\users\jared\onedrive\documentos\visual studio 2022\cgih\proyectofinal\proyectofinal\debug\light.obj
c:\users\jared\onedrive\documentos\visual studio 2022\cgih\proyectofinal\proyectofinal\debug\directionallight.obj
c:\users\jared\onedrive\documentos\visual studio 2022\cgih\proyectofinal\proyectofinal\debug\camera.obj
c:\users\jared\onedrive\documentos\visual studio 2022\cgih\proyectofinal\debug\proyectofinal.exe
c:\users\jared\onedrive\documentos\visual studio 2022\cgih\proyectofinal\proyectofinal\debug\proyectofinal.ilk
c:\users\jared\onedrive\documentos\visual studio 2022\cgih\proyectofinal\debug\proyectofinal.pdb
c:\users\jared\onedrive\documentos\visual studio 2022\cgih\proyectofinal\proyectofinal\debug\camera2.obj
c:\users\jared\onedrive\documentos\visual studio 2022\cgih\proyectofinal\proyectofinal\debug\mesh.obj
c:\users\jared\onedrive\documentos\visual studio 2022\cgih\proyectofinal\proyectofinal\debug\practica6.obj
c:\users\jared\onedrive\documentos\visual studio 2022\cgih\proyectofinal\proyectofinal\debug\shader_m.obj
c:\users\jared\onedrive\documentos\visual studio 2022\cgih\proyectofinal\proyectofinal\debug\proyectofinal.obj.enc
c:\users\jared\onedrive\documentos\visual studio 2022\cgih\proyectofinal\proyectofinal\debug\proyectofinal.tlog\cl.command.1.tlog
c:\users\jared\onedrive\documentos\visual studio 2022\cgih\proyectofinal\proyectofinal\debug\proyectofinal.tlog\cl.items.tlog
c:\users\jared\onedrive\documentos\visual studio 2022\cgih\proyectofinal\proyectofinal\debug\proyectofinal.tlog\cl.read.1.tlog
c:\users\jared\onedrive\documentos\visual studio 2022\cgih\proyectofinal\proyectofinal\debug\proyectofinal.tlog\cl.write.1.tlog
c:\users\jared\onedrive\documentos\visual studio 2022\cgih\proyectofinal\proyectofinal\debug\proyectofinal.tlog\link.command.1.tlog
c:\users\jared\onedrive\documentos\visual studio 2022\cgih\proyectofinal\proyectofinal\debug\proyectofinal.tlog\link.read.1.tlog
c:\users\jared\onedrive\documentos\visual studio 2022\cgih\proyectofinal\proyectofinal\debug\proyectofinal.tlog\link.secondary.1.tlog
c:\users\jared\onedrive\documentos\visual studio 2022\cgih\proyectofinal\proyectofinal\debug\proyectofinal.tlog\link.write.1.tlog
