  ProyectoFinal.cpp
C:\Users\jared\OneDrive\Documentos\GitHub\CGIHC-ProyectoFinal\ProyectoFinal\ProyectoFinal\Window.h(12,36): warning C4244: 'return': conversión de 'GLint' a 'GLfloat'; posible pérdida de datos
  (compilando archivo de origen "ProyectoFinal.cpp")
  
C:\Users\jared\OneDrive\Documentos\GitHub\CGIHC-ProyectoFinal\ProyectoFinal\ProyectoFinal\Window.h(13,37): warning C4244: 'return': conversión de 'GLint' a 'GLfloat'; posible pérdida de datos
  (compilando archivo de origen "ProyectoFinal.cpp")
  
C:\Users\jared\OneDrive\Documentos\GitHub\CGIHC-ProyectoFinal\ProyectoFinal\ProyectoFinal\ProyectoFinal.cpp(331,15): warning C4244: 'inicializando': conversión de 'double' a 'GLfloat'; posible pérdida de datos
C:\Users\jared\OneDrive\Documentos\GitHub\CGIHC-ProyectoFinal\ProyectoFinal\ProyectoFinal\ProyectoFinal.cpp(333,33): warning C4244: '+=': conversión de 'double' a 'GLfloat'; posible pérdida de datos
  Window.cpp
C:\Users\jared\OneDrive\Documentos\GitHub\CGIHC-ProyectoFinal\ProyectoFinal\ProyectoFinal\Window.h(12,36): warning C4244: 'return': conversión de 'GLint' a 'GLfloat'; posible pérdida de datos
  (compilando archivo de origen "Window.cpp")
  
C:\Users\jared\OneDrive\Documentos\GitHub\CGIHC-ProyectoFinal\ProyectoFinal\ProyectoFinal\Window.h(13,37): warning C4244: 'return': conversión de 'GLint' a 'GLfloat'; posible pérdida de datos
  (compilando archivo de origen "Window.cpp")
  
C:\Users\jared\OneDrive\Documentos\GitHub\CGIHC-ProyectoFinal\ProyectoFinal\ProyectoFinal\Window.cpp(154,22): warning C4244: '=': conversión de 'double' a 'GLfloat'; posible pérdida de datos
C:\Users\jared\OneDrive\Documentos\GitHub\CGIHC-ProyectoFinal\ProyectoFinal\ProyectoFinal\Window.cpp(155,22): warning C4244: '=': conversión de 'double' a 'GLfloat'; posible pérdida de datos
C:\Users\jared\OneDrive\Documentos\GitHub\CGIHC-ProyectoFinal\ProyectoFinal\ProyectoFinal\Window.cpp(159,28): warning C4244: '=': conversión de 'double' a 'GLfloat'; posible pérdida de datos
C:\Users\jared\OneDrive\Documentos\GitHub\CGIHC-ProyectoFinal\ProyectoFinal\ProyectoFinal\Window.cpp(160,40): warning C4244: '=': conversión de 'double' a 'GLfloat'; posible pérdida de datos
C:\Users\jared\OneDrive\Documentos\GitHub\CGIHC-ProyectoFinal\ProyectoFinal\ProyectoFinal\Window.cpp(162,21): warning C4244: '=': conversión de 'double' a 'GLfloat'; posible pérdida de datos
C:\Users\jared\OneDrive\Documentos\GitHub\CGIHC-ProyectoFinal\ProyectoFinal\ProyectoFinal\Window.cpp(163,21): warning C4244: '=': conversión de 'double' a 'GLfloat'; posible pérdida de datos
  Generando código...
C:\Users\jared\OneDrive\Documentos\GitHub\CGIHC-ProyectoFinal\ProyectoFinal\ProyectoFinal\Window.cpp(77): warning C4715: 'Window::Initialise': no todas las rutas de acceso de control devuelven un valor
  ProyectoFinal.vcxproj -> C:\Users\jared\OneDrive\Documentos\GitHub\CGIHC-ProyectoFinal\ProyectoFinal\Debug\ProyectoFinal.exe
